<?xml version="1.0" encoding="UTF-8"?>
<coverage generated="1785260934128" clover="3.2.0">
  <project timestamp="1785260934128" name="All files">
    <metrics statements="59" coveredstatements="58" conditionals="53" coveredconditionals="49" methods="18" coveredmethods="16" elements="130" coveredelements="123" complexity="0" loc="59" ncloc="59" packages="5" files="6" classes="6"/>
    <package name="components.ui">
      <metrics statements="3" coveredstatements="2" conditionals="11" coveredconditionals="8" methods="2" coveredmethods="1"/>
      <file name="LazyImage.tsx" path="C:\Users\jucar\OneDrive\Documentos\Proyectos Pasantia\Lotes\RepositorioCodigo\lotes-quindio\src\components\ui\LazyImage.tsx">
        <metrics statements="3" coveredstatements="2" conditionals="11" coveredconditionals="8" methods="2" coveredmethods="1"/>
        <line num="20" count="10" type="stmt"/>
        <line num="22" count="10" type="stmt"/>
        <line num="33" count="0" type="stmt"/>
      </file>
    </package>
    <package name="features.home.components">
      <metrics statements="13" coveredstatements="13" conditionals="16" coveredconditionals="16" methods="3" coveredmethods="2"/>
      <file name="ContactForm.tsx" path="C:\Users\jucar\OneDrive\Documentos\Proyectos Pasantia\Lotes\RepositorioCodigo\lotes-quindio\src\features\home\components\ContactForm.tsx">
        <metrics statements="13" coveredstatements="13" conditionals="16" coveredconditionals="16" methods="3" coveredmethods="2"/>
        <line num="8" count="1" type="stmt"/>
        <line num="18" count="22" type="stmt"/>
        <line num="26" count="22" type="stmt"/>
        <line num="31" count="22" type="stmt"/>
        <line num="32" count="3" type="stmt"/>
        <line num="33" count="3" type="stmt"/>
        <line num="40" count="3" type="cond" truecount="2" falsecount="0"/>
        <line num="42" count="2" type="stmt"/>
        <line num="43" count="2" type="stmt"/>
        <line num="44" count="2" type="stmt"/>
        <line num="46" count="1" type="stmt"/>
        <line num="47" count="1" type="stmt"/>
        <line num="51" count="22" type="stmt"/>
      </file>
    </package>
    <package name="features.projects.components">
      <metrics statements="8" coveredstatements="8" conditionals="12" coveredconditionals="12" methods="2" coveredmethods="2"/>
      <file name="LotCard.tsx" path="C:\Users\jucar\OneDrive\Documentos\Proyectos Pasantia\Lotes\RepositorioCodigo\lotes-quindio\src\features\projects\components\LotCard.tsx">
        <metrics statements="8" coveredstatements="8" conditionals="12" coveredconditionals="12" methods="2" coveredmethods="2"/>
        <line num="7" count="10" type="stmt"/>
        <line num="8" count="10" type="cond" truecount="2" falsecount="0"/>
        <line num="9" count="9" type="stmt"/>
        <line num="11" count="1" type="stmt"/>
        <line num="17" count="1" type="stmt"/>
        <line num="37" count="10" type="stmt"/>
        <line num="38" count="10" type="stmt"/>
        <line num="40" count="10" type="stmt"/>
      </file>
    </package>
    <package name="hooks">
      <metrics statements="29" coveredstatements="29" conditionals="10" coveredconditionals="9" methods="10" coveredmethods="10"/>
      <file name="useAuth.tsx" path="C:\Users\jucar\OneDrive\Documentos\Proyectos Pasantia\Lotes\RepositorioCodigo\lotes-quindio\src\hooks\useAuth.tsx">
        <metrics statements="24" coveredstatements="24" conditionals="8" coveredconditionals="7" methods="9" coveredmethods="9"/>
        <line num="7" count="19" type="stmt"/>
        <line num="8" count="19" type="stmt"/>
        <line num="10" count="19" type="stmt"/>
        <line num="11" count="10" type="stmt"/>
        <line num="12" count="10" type="stmt"/>
        <line num="15" count="19" type="stmt"/>
        <line num="17" count="8" type="stmt"/>
        <line num="18" count="8" type="cond" truecount="2" falsecount="0"/>
        <line num="24" count="8" type="stmt"/>
        <line num="25" count="2" type="cond" truecount="2" falsecount="0"/>
        <line num="28" count="8" type="stmt"/>
        <line num="31" count="19" type="stmt"/>
        <line num="36" count="2" type="stmt"/>
        <line num="41" count="2" type="cond" truecount="2" falsecount="0"/>
        <line num="42" count="1" type="cond" truecount="1" falsecount="1"/>
        <line num="44" count="1" type="stmt"/>
        <line num="45" count="1" type="stmt"/>
        <line num="46" count="1" type="stmt"/>
        <line num="51" count="19" type="stmt"/>
        <line num="52" count="1" type="stmt"/>
        <line num="53" count="1" type="stmt"/>
        <line num="56" count="19" type="stmt"/>
        <line num="57" count="19" type="stmt"/>
        <line num="61" count="19" type="stmt"/>
      </file>
      <file name="useAuthContext.ts" path="C:\Users\jucar\OneDrive\Documentos\Proyectos Pasantia\Lotes\RepositorioCodigo\lotes-quindio\src\hooks\useAuthContext.ts">
        <metrics statements="5" coveredstatements="5" conditionals="2" coveredconditionals="2" methods="1" coveredmethods="1"/>
        <line num="11" count="1" type="stmt"/>
        <line num="14" count="21" type="stmt"/>
        <line num="15" count="21" type="cond" truecount="2" falsecount="0"/>
        <line num="16" count="2" type="stmt"/>
        <line num="18" count="19" type="stmt"/>
      </file>
    </package>
    <package name="lib">
      <metrics statements="6" coveredstatements="6" conditionals="4" coveredconditionals="4" methods="1" coveredmethods="1"/>
      <file name="checkAdmin.ts" path="C:\Users\jucar\OneDrive\Documentos\Proyectos Pasantia\Lotes\RepositorioCodigo\lotes-quindio\src\lib\checkAdmin.ts">
        <metrics statements="6" coveredstatements="6" conditionals="4" coveredconditionals="4" methods="1" coveredmethods="1"/>
        <line num="8" count="6" type="cond" truecount="2" falsecount="0"/>
        <line num="9" count="4" type="stmt"/>
        <line num="13" count="4" type="cond" truecount="2" falsecount="0"/>
        <line num="14" count="1" type="stmt"/>
        <line num="15" count="1" type="stmt"/>
        <line num="17" count="3" type="stmt"/>
      </file>
    </package>
  </project>
</coverage>
