{"C:\\Users\\jucar\\OneDrive\\Documentos\\Proyectos Pasantia\\Lotes\\RepositorioCodigo\\lotes-quindio\\src\\components\\ui\\LazyImage.tsx": {"path":"C:\\Users\\jucar\\OneDrive\\Documentos\\Proyectos Pasantia\\Lotes\\RepositorioCodigo\\lotes-quindio\\src\\components\\ui\\LazyImage.tsx","statementMap":{"0":{"start":{"line":20,"column":17},"end":{"line":20,"column":null}},"1":{"start":{"line":22,"column":2},"end":{"line":38,"column":null}},"2":{"start":{"line":33,"column":22},"end":{"line":33,"column":null}}},"fnMap":{"0":{"name":"LazyImage","decl":{"start":{"line":13,"column":16},"end":{"line":13,"column":26}},"loc":{"start":{"line":19,"column":19},"end":{"line":40,"column":null}},"line":19},"1":{"name":"(anonymous_1)","decl":{"start":{"line":33,"column":8},"end":{"line":33,"column":22}},"loc":{"start":{"line":33,"column":22},"end":{"line":33,"column":null}},"line":33}},"branchMap":{"0":{"loc":{"start":{"line":16,"column":2},"end":{"line":16,"column":null}},"type":"default-arg","locations":[{"start":{"line":16,"column":14},"end":{"line":16,"column":null}}],"line":16},"1":{"loc":{"start":{"line":17,"column":2},"end":{"line":17,"column":null}},"type":"default-arg","locations":[{"start":{"line":17,"column":20},"end":{"line":17,"column":null}}],"line":17},"2":{"loc":{"start":{"line":18,"column":2},"end":{"line":18,"column":null}},"type":"default-arg","locations":[{"start":{"line":18,"column":13},"end":{"line":18,"column":null}}],"line":18},"3":{"loc":{"start":{"line":24,"column":7},"end":{"line":27,"column":7}},"type":"binary-expr","locations":[{"start":{"line":24,"column":7},"end":{"line":24,"column":null}},{"start":{"line":25,"column":8},"end":{"line":27,"column":7}}],"line":24},"4":{"loc":{"start":{"line":30,"column":17},"end":{"line":30,"column":null}},"type":"cond-expr","locations":[{"start":{"line":30,"column":28},"end":{"line":30,"column":38}},{"start":{"line":30,"column":38},"end":{"line":30,"column":null}}],"line":30},"5":{"loc":{"start":{"line":32,"column":23},"end":{"line":32,"column":null}},"type":"cond-expr","locations":[{"start":{"line":32,"column":34},"end":{"line":32,"column":43}},{"start":{"line":32,"column":43},"end":{"line":32,"column":null}}],"line":32},"6":{"loc":{"start":{"line":35,"column":10},"end":{"line":35,"column":null}},"type":"cond-expr","locations":[{"start":{"line":35,"column":19},"end":{"line":35,"column":35}},{"start":{"line":35,"column":35},"end":{"line":35,"column":null}}],"line":35}},"s":{"0":10,"1":10,"2":0},"f":{"0":10,"1":0},"b":{"0":[10],"1":[10],"2":[10],"3":[10,10],"4":[0,10],"5":[0,10],"6":[0,10]},"meta":{"lastBranch":7,"lastFunction":2,"lastStatement":3,"seen":{"f:13:16:13:26":0,"b:16:14:16:Infinity":0,"b:17:20:17:Infinity":1,"b:18:13:18:Infinity":2,"s:20:17:20:Infinity":0,"s:22:2:38:Infinity":1,"b:24:7:24:Infinity:25:8:27:7":3,"b:30:28:30:38:30:38:30:Infinity":4,"b:32:34:32:43:32:43:32:Infinity":5,"f:33:8:33:22":1,"s:33:22:33:Infinity":2,"b:35:19:35:35:35:35:35:Infinity":6},"fnNames":{}}}
,"C:\\Users\\jucar\\OneDrive\\Documentos\\Proyectos Pasantia\\Lotes\\RepositorioCodigo\\lotes-quindio\\src\\features\\home\\components\\ContactForm.tsx": {"path":"C:\\Users\\jucar\\OneDrive\\Documentos\\Proyectos Pasantia\\Lotes\\RepositorioCodigo\\lotes-quindio\\src\\features\\home\\components\\ContactForm.tsx","statementMap":{"0":{"start":{"line":8,"column":22},"end":{"line":13,"column":null}},"1":{"start":{"line":18,"column":23},"end":{"line":20,"column":null}},"2":{"start":{"line":26,"column":25},"end":{"line":29,"column":null}},"3":{"start":{"line":31,"column":19},"end":{"line":49,"column":null}},"4":{"start":{"line":32,"column":4},"end":{"line":48,"column":null}},"5":{"start":{"line":33,"column":24},"end":{"line":38,"column":null}},"6":{"start":{"line":40,"column":6},"end":{"line":40,"column":null}},"7":{"start":{"line":40,"column":17},"end":{"line":40,"column":null}},"8":{"start":{"line":42,"column":6},"end":{"line":42,"column":null}},"9":{"start":{"line":43,"column":6},"end":{"line":43,"column":null}},"10":{"start":{"line":44,"column":6},"end":{"line":44,"column":null}},"11":{"start":{"line":44,"column":23},"end":{"line":44,"column":48}},"12":{"start":{"line":46,"column":6},"end":{"line":46,"column":null}},"13":{"start":{"line":47,"column":6},"end":{"line":47,"column":null}},"14":{"start":{"line":51,"column":2},"end":{"line":164,"column":null}}},"fnMap":{"0":{"name":"ContactForm","decl":{"start":{"line":17,"column":16},"end":{"line":17,"column":30}},"loc":{"start":{"line":17,"column":30},"end":{"line":166,"column":null}},"line":17},"1":{"name":"(anonymous_1)","decl":{"start":{"line":31,"column":19},"end":{"line":31,"column":26}},"loc":{"start":{"line":31,"column":54},"end":{"line":49,"column":null}},"line":31},"2":{"name":"(anonymous_2)","decl":{"start":{"line":44,"column":6},"end":{"line":44,"column":23}},"loc":{"start":{"line":44,"column":23},"end":{"line":44,"column":48}},"line":44}},"branchMap":{"0":{"loc":{"start":{"line":37,"column":19},"end":{"line":37,"column":null}},"type":"binary-expr","locations":[{"start":{"line":37,"column":19},"end":{"line":37,"column":35}},{"start":{"line":37,"column":35},"end":{"line":37,"column":null}}],"line":37},"1":{"loc":{"start":{"line":40,"column":6},"end":{"line":40,"column":null}},"type":"if","locations":[{"start":{"line":40,"column":6},"end":{"line":40,"column":null}},{"start":{},"end":{}}],"line":40},"2":{"loc":{"start":{"line":66,"column":9},"end":{"line":70,"column":null}},"type":"binary-expr","locations":[{"start":{"line":66,"column":9},"end":{"line":66,"column":null}},{"start":{"line":67,"column":10},"end":{"line":70,"column":null}}],"line":66},"3":{"loc":{"start":{"line":72,"column":9},"end":{"line":76,"column":null}},"type":"binary-expr","locations":[{"start":{"line":72,"column":9},"end":{"line":72,"column":null}},{"start":{"line":73,"column":10},"end":{"line":76,"column":null}}],"line":72},"4":{"loc":{"start":{"line":96,"column":15},"end":{"line":99,"column":null}},"type":"binary-expr","locations":[{"start":{"line":96,"column":15},"end":{"line":96,"column":null}},{"start":{"line":97,"column":16},"end":{"line":99,"column":null}}],"line":96},"5":{"loc":{"start":{"line":113,"column":15},"end":{"line":116,"column":null}},"type":"binary-expr","locations":[{"start":{"line":113,"column":15},"end":{"line":113,"column":null}},{"start":{"line":114,"column":16},"end":{"line":116,"column":null}}],"line":113},"6":{"loc":{"start":{"line":132,"column":13},"end":{"line":135,"column":null}},"type":"binary-expr","locations":[{"start":{"line":132,"column":13},"end":{"line":132,"column":null}},{"start":{"line":133,"column":14},"end":{"line":135,"column":null}}],"line":132},"7":{"loc":{"start":{"line":158,"column":15},"end":{"line":158,"column":null}},"type":"cond-expr","locations":[{"start":{"line":158,"column":30},"end":{"line":158,"column":46}},{"start":{"line":158,"column":46},"end":{"line":158,"column":null}}],"line":158}},"s":{"0":1,"1":22,"2":22,"3":22,"4":3,"5":3,"6":3,"7":1,"8":2,"9":2,"10":2,"11":0,"12":1,"13":1,"14":22},"f":{"0":22,"1":3,"2":0},"b":{"0":[3,3],"1":[1,2],"2":[22,1],"3":[22,1],"4":[22,1],"5":[22,2],"6":[22,1],"7":[6,16]},"meta":{"lastBranch":8,"lastFunction":3,"lastStatement":15,"seen":{"s:8:22:13:Infinity":0,"f:17:16:17:30":0,"s:18:23:20:Infinity":1,"s:26:25:29:Infinity":2,"s:31:19:49:Infinity":3,"f:31:19:31:26":1,"s:32:4:48:Infinity":4,"s:33:24:38:Infinity":5,"b:37:19:37:35:37:35:37:Infinity":0,"b:40:6:40:Infinity:undefined:undefined:undefined:undefined":1,"s:40:6:40:Infinity":6,"s:40:17:40:Infinity":7,"s:42:6:42:Infinity":8,"s:43:6:43:Infinity":9,"s:44:6:44:Infinity":10,"f:44:6:44:23":2,"s:44:23:44:48":11,"s:46:6:46:Infinity":12,"s:47:6:47:Infinity":13,"s:51:2:164:Infinity":14,"b:66:9:66:Infinity:67:10:70:Infinity":2,"b:72:9:72:Infinity:73:10:76:Infinity":3,"b:96:15:96:Infinity:97:16:99:Infinity":4,"b:113:15:113:Infinity:114:16:116:Infinity":5,"b:132:13:132:Infinity:133:14:135:Infinity":6,"b:158:30:158:46:158:46:158:Infinity":7},"fnNames":{}}}
,"C:\\Users\\jucar\\OneDrive\\Documentos\\Proyectos Pasantia\\Lotes\\RepositorioCodigo\\lotes-quindio\\src\\features\\projects\\components\\LotCard.tsx": {"path":"C:\\Users\\jucar\\OneDrive\\Documentos\\Proyectos Pasantia\\Lotes\\RepositorioCodigo\\lotes-quindio\\src\\features\\projects\\components\\LotCard.tsx","statementMap":{"0":{"start":{"line":7,"column":19},"end":{"line":7,"column":null}},"1":{"start":{"line":8,"column":2},"end":{"line":10,"column":null}},"2":{"start":{"line":9,"column":4},"end":{"line":9,"column":null}},"3":{"start":{"line":11,"column":2},"end":{"line":14,"column":null}},"4":{"start":{"line":17,"column":78},"end":{"line":30,"column":null}},"5":{"start":{"line":37,"column":17},"end":{"line":37,"column":null}},"6":{"start":{"line":38,"column":17},"end":{"line":38,"column":null}},"7":{"start":{"line":40,"column":2},"end":{"line":97,"column":null}}},"fnMap":{"0":{"name":"formatPrice","decl":{"start":{"line":6,"column":9},"end":{"line":6,"column":21}},"loc":{"start":{"line":6,"column":44},"end":{"line":15,"column":null}},"line":6},"1":{"name":"LotCard","decl":{"start":{"line":36,"column":16},"end":{"line":36,"column":24}},"loc":{"start":{"line":36,"column":47},"end":{"line":99,"column":null}},"line":36}},"branchMap":{"0":{"loc":{"start":{"line":8,"column":2},"end":{"line":10,"column":null}},"type":"if","locations":[{"start":{"line":8,"column":2},"end":{"line":10,"column":null}},{"start":{},"end":{}}],"line":8},"1":{"loc":{"start":{"line":43,"column":8},"end":{"line":43,"column":null}},"type":"cond-expr","locations":[{"start":{"line":43,"column":17},"end":{"line":43,"column":48}},{"start":{"line":43,"column":48},"end":{"line":43,"column":null}}],"line":43},"2":{"loc":{"start":{"line":50,"column":12},"end":{"line":50,"column":null}},"type":"cond-expr","locations":[{"start":{"line":50,"column":25},"end":{"line":50,"column":49}},{"start":{"line":50,"column":49},"end":{"line":50,"column":null}}],"line":50},"3":{"loc":{"start":{"line":66,"column":9},"end":{"line":71,"column":null}},"type":"binary-expr","locations":[{"start":{"line":66,"column":9},"end":{"line":66,"column":null}},{"start":{"line":67,"column":10},"end":{"line":71,"column":null}}],"line":66},"4":{"loc":{"start":{"line":75,"column":11},"end":{"line":77,"column":null}},"type":"cond-expr","locations":[{"start":{"line":76,"column":14},"end":{"line":76,"column":null}},{"start":{"line":77,"column":14},"end":{"line":77,"column":null}}],"line":75},"5":{"loc":{"start":{"line":80,"column":9},"end":{"line":94,"column":null}},"type":"cond-expr","locations":[{"start":{"line":81,"column":10},"end":{"line":89,"column":11}},{"start":{"line":89,"column":10},"end":{"line":94,"column":null}}],"line":80}},"s":{"0":10,"1":10,"2":9,"3":1,"4":1,"5":10,"6":10,"7":10},"f":{"0":10,"1":10},"b":{"0":[9,1],"1":[2,8],"2":[9,1],"3":[10,10],"4":[9,1],"5":[2,8]},"meta":{"lastBranch":6,"lastFunction":2,"lastStatement":8,"seen":{"f:6:9:6:21":0,"s:7:19:7:Infinity":0,"b:8:2:10:Infinity:undefined:undefined:undefined:undefined":0,"s:8:2:10:Infinity":1,"s:9:4:9:Infinity":2,"s:11:2:14:Infinity":3,"s:17:78:30:Infinity":4,"f:36:16:36:24":1,"s:37:17:37:Infinity":5,"s:38:17:38:Infinity":6,"s:40:2:97:Infinity":7,"b:43:17:43:48:43:48:43:Infinity":1,"b:50:25:50:49:50:49:50:Infinity":2,"b:66:9:66:Infinity:67:10:71:Infinity":3,"b:76:14:76:Infinity:77:14:77:Infinity":4,"b:81:10:89:11:89:10:94:Infinity":5},"fnNames":{}}}
,"C:\\Users\\jucar\\OneDrive\\Documentos\\Proyectos Pasantia\\Lotes\\RepositorioCodigo\\lotes-quindio\\src\\hooks\\useAuth.tsx": {"path":"C:\\Users\\jucar\\OneDrive\\Documentos\\Proyectos Pasantia\\Lotes\\RepositorioCodigo\\lotes-quindio\\src\\hooks\\useAuth.tsx","statementMap":{"0":{"start":{"line":7,"column":15},"end":{"line":7,"column":null}},"1":{"start":{"line":8,"column":18},"end":{"line":8,"column":null}},"2":{"start":{"line":10,"column":8},"end":{"line":13,"column":null}},"3":{"start":{"line":11,"column":4},"end":{"line":11,"column":null}},"4":{"start":{"line":12,"column":4},"end":{"line":12,"column":null}},"5":{"start":{"line":15,"column":2},"end":{"line":29,"column":null}},"6":{"start":{"line":17,"column":4},"end":{"line":19,"column":null}},"7":{"start":{"line":18,"column":6},"end":{"line":18,"column":null}},"8":{"start":{"line":24,"column":8},"end":{"line":26,"column":null}},"9":{"start":{"line":25,"column":6},"end":{"line":25,"column":null}},"10":{"start":{"line":28,"column":4},"end":{"line":28,"column":null}},"11":{"start":{"line":28,"column":17},"end":{"line":28,"column":null}},"12":{"start":{"line":31,"column":8},"end":{"line":49,"column":null}},"13":{"start":{"line":36,"column":30},"end":{"line":39,"column":null}},"14":{"start":{"line":41,"column":6},"end":{"line":41,"column":null}},"15":{"start":{"line":41,"column":17},"end":{"line":41,"column":null}},"16":{"start":{"line":42,"column":6},"end":{"line":42,"column":null}},"17":{"start":{"line":42,"column":22},"end":{"line":42,"column":null}},"18":{"start":{"line":44,"column":6},"end":{"line":44,"column":null}},"19":{"start":{"line":45,"column":6},"end":{"line":45,"column":null}},"20":{"start":{"line":46,"column":6},"end":{"line":46,"column":null}},"21":{"start":{"line":51,"column":8},"end":{"line":54,"column":null}},"22":{"start":{"line":52,"column":4},"end":{"line":52,"column":null}},"23":{"start":{"line":53,"column":4},"end":{"line":53,"column":null}},"24":{"start":{"line":56,"column":8},"end":{"line":59,"column":null}},"25":{"start":{"line":57,"column":11},"end":{"line":57,"column":null}},"26":{"start":{"line":61,"column":2},"end":{"line":64,"column":null}}},"fnMap":{"0":{"name":"AuthProvider","decl":{"start":{"line":6,"column":16},"end":{"line":6,"column":29}},"loc":{"start":{"line":6,"column":68},"end":{"line":66,"column":null}},"line":6},"1":{"name":"(anonymous_1)","decl":{"start":{"line":10,"column":38},"end":{"line":10,"column":45}},"loc":{"start":{"line":10,"column":74},"end":{"line":13,"column":5}},"line":10},"2":{"name":"(anonymous_2)","decl":{"start":{"line":15,"column":2},"end":{"line":15,"column":18}},"loc":{"start":{"line":15,"column":18},"end":{"line":29,"column":5}},"line":15},"3":{"name":"(anonymous_3)","decl":{"start":{"line":17,"column":31},"end":{"line":17,"column":37}},"loc":{"start":{"line":17,"column":63},"end":{"line":19,"column":5}},"line":17},"4":{"name":"(anonymous_4)","decl":{"start":{"line":24,"column":22},"end":{"line":24,"column":41}},"loc":{"start":{"line":24,"column":61},"end":{"line":26,"column":5}},"line":24},"5":{"name":"(anonymous_5)","decl":{"start":{"line":28,"column":4},"end":{"line":28,"column":17}},"loc":{"start":{"line":28,"column":17},"end":{"line":28,"column":null}},"line":28},"6":{"name":"(anonymous_6)","decl":{"start":{"line":32,"column":4},"end":{"line":32,"column":null}},"loc":{"start":{"line":35,"column":63},"end":{"line":47,"column":null}},"line":35},"7":{"name":"(anonymous_7)","decl":{"start":{"line":51,"column":29},"end":{"line":51,"column":41}},"loc":{"start":{"line":51,"column":41},"end":{"line":54,"column":5}},"line":51},"8":{"name":"(anonymous_8)","decl":{"start":{"line":56,"column":16},"end":{"line":56,"column":null}},"loc":{"start":{"line":57,"column":11},"end":{"line":57,"column":null}},"line":57}},"branchMap":{"0":{"loc":{"start":{"line":18,"column":22},"end":{"line":18,"column":43}},"type":"binary-expr","locations":[{"start":{"line":18,"column":22},"end":{"line":18,"column":39}},{"start":{"line":18,"column":39},"end":{"line":18,"column":43}}],"line":18},"1":{"loc":{"start":{"line":25,"column":22},"end":{"line":25,"column":43}},"type":"binary-expr","locations":[{"start":{"line":25,"column":22},"end":{"line":25,"column":39}},{"start":{"line":25,"column":39},"end":{"line":25,"column":43}}],"line":25},"2":{"loc":{"start":{"line":41,"column":6},"end":{"line":41,"column":null}},"type":"if","locations":[{"start":{"line":41,"column":6},"end":{"line":41,"column":null}},{"start":{},"end":{}}],"line":41},"3":{"loc":{"start":{"line":42,"column":6},"end":{"line":42,"column":null}},"type":"if","locations":[{"start":{"line":42,"column":6},"end":{"line":42,"column":null}},{"start":{},"end":{}}],"line":42}},"s":{"0":19,"1":19,"2":19,"3":10,"4":10,"5":19,"6":8,"7":8,"8":8,"9":2,"10":8,"11":8,"12":19,"13":2,"14":2,"15":1,"16":1,"17":0,"18":1,"19":1,"20":1,"21":19,"22":1,"23":1,"24":19,"25":19,"26":19},"f":{"0":19,"1":10,"2":8,"3":8,"4":2,"5":8,"6":2,"7":1,"8":19},"b":{"0":[8,5],"1":[2,1],"2":[1,1],"3":[0,1]},"meta":{"lastBranch":4,"lastFunction":9,"lastStatement":27,"seen":{"f:6:16:6:29":0,"s:7:15:7:Infinity":0,"s:8:18:8:Infinity":1,"s:10:8:13:Infinity":2,"f:10:38:10:45":1,"s:11:4:11:Infinity":3,"s:12:4:12:Infinity":4,"s:15:2:29:Infinity":5,"f:15:2:15:18":2,"s:17:4:19:Infinity":6,"f:17:31:17:37":3,"s:18:6:18:Infinity":7,"b:18:22:18:39:18:39:18:43":0,"s:24:8:26:Infinity":8,"f:24:22:24:41":4,"s:25:6:25:Infinity":9,"b:25:22:25:39:25:39:25:43":1,"s:28:4:28:Infinity":10,"f:28:4:28:17":5,"s:28:17:28:Infinity":11,"s:31:8:49:Infinity":12,"f:32:4:32:Infinity":6,"s:36:30:39:Infinity":13,"b:41:6:41:Infinity:undefined:undefined:undefined:undefined":2,"s:41:6:41:Infinity":14,"s:41:17:41:Infinity":15,"b:42:6:42:Infinity:undefined:undefined:undefined:undefined":3,"s:42:6:42:Infinity":16,"s:42:22:42:Infinity":17,"s:44:6:44:Infinity":18,"s:45:6:45:Infinity":19,"s:46:6:46:Infinity":20,"s:51:8:54:Infinity":21,"f:51:29:51:41":7,"s:52:4:52:Infinity":22,"s:53:4:53:Infinity":23,"s:56:8:59:Infinity":24,"f:56:16:56:Infinity":8,"s:57:11:57:Infinity":25,"s:61:2:64:Infinity":26},"fnNames":{}}}
,"C:\\Users\\jucar\\OneDrive\\Documentos\\Proyectos Pasantia\\Lotes\\RepositorioCodigo\\lotes-quindio\\src\\hooks\\useAuthContext.ts": {"path":"C:\\Users\\jucar\\OneDrive\\Documentos\\Proyectos Pasantia\\Lotes\\RepositorioCodigo\\lotes-quindio\\src\\hooks\\useAuthContext.ts","statementMap":{"0":{"start":{"line":11,"column":13},"end":{"line":11,"column":null}},"1":{"start":{"line":14,"column":8},"end":{"line":14,"column":null}},"2":{"start":{"line":15,"column":2},"end":{"line":17,"column":null}},"3":{"start":{"line":16,"column":4},"end":{"line":16,"column":null}},"4":{"start":{"line":18,"column":2},"end":{"line":18,"column":null}}},"fnMap":{"0":{"name":"useAuth","decl":{"start":{"line":13,"column":16},"end":{"line":13,"column":26}},"loc":{"start":{"line":13,"column":26},"end":{"line":19,"column":null}},"line":13}},"branchMap":{"0":{"loc":{"start":{"line":15,"column":2},"end":{"line":17,"column":null}},"type":"if","locations":[{"start":{"line":15,"column":2},"end":{"line":17,"column":null}},{"start":{},"end":{}}],"line":15}},"s":{"0":1,"1":21,"2":21,"3":2,"4":19},"f":{"0":21},"b":{"0":[2,19]},"meta":{"lastBranch":1,"lastFunction":1,"lastStatement":5,"seen":{"s:11:13:11:Infinity":0,"f:13:16:13:26":0,"s:14:8:14:Infinity":1,"b:15:2:17:Infinity:undefined:undefined:undefined:undefined":0,"s:15:2:17:Infinity":2,"s:16:4:16:Infinity":3,"s:18:2:18:Infinity":4},"fnNames":{}}}
,"C:\\Users\\jucar\\OneDrive\\Documentos\\Proyectos Pasantia\\Lotes\\RepositorioCodigo\\lotes-quindio\\src\\lib\\checkAdmin.ts": {"path":"C:\\Users\\jucar\\OneDrive\\Documentos\\Proyectos Pasantia\\Lotes\\RepositorioCodigo\\lotes-quindio\\src\\lib\\checkAdmin.ts","statementMap":{"0":{"start":{"line":8,"column":2},"end":{"line":8,"column":null}},"1":{"start":{"line":8,"column":18},"end":{"line":8,"column":null}},"2":{"start":{"line":9,"column":26},"end":{"line":11,"column":null}},"3":{"start":{"line":13,"column":2},"end":{"line":16,"column":null}},"4":{"start":{"line":14,"column":4},"end":{"line":14,"column":null}},"5":{"start":{"line":15,"column":4},"end":{"line":15,"column":null}},"6":{"start":{"line":17,"column":2},"end":{"line":17,"column":null}}},"fnMap":{"0":{"name":"checkAdminStatus","decl":{"start":{"line":4,"column":22},"end":{"line":4,"column":null}},"loc":{"start":{"line":7,"column":2},"end":{"line":18,"column":null}},"line":7}},"branchMap":{"0":{"loc":{"start":{"line":8,"column":2},"end":{"line":8,"column":null}},"type":"if","locations":[{"start":{"line":8,"column":2},"end":{"line":8,"column":null}},{"start":{},"end":{}}],"line":8},"1":{"loc":{"start":{"line":13,"column":2},"end":{"line":16,"column":null}},"type":"if","locations":[{"start":{"line":13,"column":2},"end":{"line":16,"column":null}},{"start":{},"end":{}}],"line":13}},"s":{"0":6,"1":2,"2":4,"3":4,"4":1,"5":1,"6":3},"f":{"0":6},"b":{"0":[2,4],"1":[1,3]},"meta":{"lastBranch":2,"lastFunction":1,"lastStatement":7,"seen":{"f:4:22:4:Infinity":0,"b:8:2:8:Infinity:undefined:undefined:undefined:undefined":0,"s:8:2:8:Infinity":0,"s:8:18:8:Infinity":1,"s:9:26:11:Infinity":2,"b:13:2:16:Infinity:undefined:undefined:undefined:undefined":1,"s:13:2:16:Infinity":3,"s:14:4:14:Infinity":4,"s:15:4:15:Infinity":5,"s:17:2:17:Infinity":6},"fnNames":{}}}
}
